\BOOKMARK [2][-]{subsection.0.1}{Relations humaines}{}% 1
\BOOKMARK [1][-]{section.1}{Fiche de Mission I - Aufiero Informatica S.R.L. }{}% 2
\BOOKMARK [2][-]{subsection.1.1}{Responsabilit\351s}{section.1}% 3
\BOOKMARK [2][-]{subsection.1.2}{Relations humaines}{section.1}% 4
\BOOKMARK [3][-]{subsubsection.1.2.1}{Relations hi\351rarchiques}{subsection.1.2}% 5
\BOOKMARK [3][-]{subsubsection.1.2.2}{Relations horizontales}{subsection.1.2}% 6
\BOOKMARK [3][-]{subsubsection.1.2.3}{Relations ext\351rieures}{subsection.1.2}% 7
\BOOKMARK [2][-]{subsection.1.3}{D\351crivez les principales qualit\351s que vous avez a mobiliser dans cette mission}{section.1}% 8
\BOOKMARK [2][-]{subsection.1.4}{Pouvez-vous presenter une situation-probl\350me que vous avez eu a r\351soudre dans le cadre de cette mission et la fa\347on de dont vous avez proc\351d\351?}{section.1}% 9
\BOOKMARK [2][-]{subsection.1.5}{Connaissances mobilis\351es dans cette mission }{section.1}% 10
\BOOKMARK [1][-]{section.2}{Fiche de Mission II - Ericsson }{}% 11
\BOOKMARK [2][-]{subsection.2.1}{Responsabilit\351s}{section.2}% 12
\BOOKMARK [2][-]{subsection.2.2}{Relations humaines}{section.2}% 13
\BOOKMARK [3][-]{subsubsection.2.2.1}{Relations hi\351rarchiques}{subsection.2.2}% 14
\BOOKMARK [3][-]{subsubsection.2.2.2}{Relations horizontales}{subsection.2.2}% 15
\BOOKMARK [3][-]{subsubsection.2.2.3}{Relations ext\351rieures}{subsection.2.2}% 16
\BOOKMARK [2][-]{subsection.2.3}{D\351crivez les principales qualit\351s que vous avez a mobiliser dans cette mission}{section.2}% 17
\BOOKMARK [2][-]{subsection.2.4}{Pouvez-vous presenter une situation-probl\350me que vous avez eu a r\351soudre dans le cadre de cette mission et la fa\347on de dont vous avez proc\351d\351?}{section.2}% 18
\BOOKMARK [2][-]{subsection.2.5}{Connaissances mobilis\351es dans cette mission }{section.2}% 19
\BOOKMARK [1][-]{section.3}{Fiche de Mission III - INRIA }{}% 20
\BOOKMARK [2][-]{subsection.3.1}{Responsabilit\351s}{section.3}% 21
\BOOKMARK [2][-]{subsection.3.2}{Relations humaines}{section.3}% 22
\BOOKMARK [3][-]{subsubsection.3.2.1}{Relations hi\351rarchiques}{subsection.3.2}% 23
\BOOKMARK [3][-]{subsubsection.3.2.2}{Relations horizontales }{subsection.3.2}% 24
\BOOKMARK [3][-]{subsubsection.3.2.3}{Relations ext\351rieures}{subsection.3.2}% 25
\BOOKMARK [2][-]{subsection.3.3}{D\351crivez les principales qualit\351s que vous avez a mobiliser dans cette mission}{section.3}% 26
\BOOKMARK [2][-]{subsection.3.4}{Pouvez-vous presenter une situation-probl\350me que vous avez eu a r\351soudre dans le cadre de cette mission et la fa\347on de dont vous avez proc\351d\351?}{section.3}% 27
\BOOKMARK [2][-]{subsection.3.5}{Connaissances mobilis\351es dans cette mission }{section.3}% 28
