\BOOKMARK [1][-]{section.1}{Fiche de Mission I - Aufiero Informatica S.R.L. }{}% 1
\BOOKMARK [2][-]{subsection.1.1}{Responsabilit\351s}{section.1}% 2
\BOOKMARK [2][-]{subsection.1.2}{Relations humaines}{section.1}% 3
\BOOKMARK [2][-]{subsection.1.3}{Les relations qu'elle vous permet d'entretenir}{section.1}% 4
\BOOKMARK [3][-]{subsubsection.1.3.1}{Relations hi\351rarchiques}{subsection.1.3}% 5
\BOOKMARK [3][-]{subsubsection.1.3.2}{Relations horizontales}{subsection.1.3}% 6
\BOOKMARK [3][-]{subsubsection.1.3.3}{Relations ext\351rieures}{subsection.1.3}% 7
\BOOKMARK [2][-]{subsection.1.4}{D\351crivez les principales qualit\351s que vous avez a mobiliser dans cette mission}{section.1}% 8
\BOOKMARK [2][-]{subsection.1.5}{Pouvez-vous presenter une situation-probl\350me que vous avez eu a r\351soudre dans le cadre de cette mission et la fa\347on de dont vous avez proc\351d\351?}{section.1}% 9
\BOOKMARK [2][-]{subsection.1.6}{Connaissances mobilis\351es dans cette mission }{section.1}% 10
\BOOKMARK [1][-]{section.2}{Fiche de Mission [] - Ecole }{}% 11
\BOOKMARK [2][-]{subsection.2.1}{Responsabilit\351s}{section.2}% 12
\BOOKMARK [2][-]{subsection.2.2}{Relations humaines}{section.2}% 13
\BOOKMARK [2][-]{subsection.2.3}{Les relations qu'elle vous permet d'entretenir}{section.2}% 14
\BOOKMARK [3][-]{subsubsection.2.3.1}{Relations horizontales}{subsection.2.3}% 15
\BOOKMARK [3][-]{subsubsection.2.3.2}{Relations ext\351rieures}{subsection.2.3}% 16
\BOOKMARK [2][-]{subsection.2.4}{D\351crivez les principales qualit\351s que vous avez a mobiliser dans cette mission}{section.2}% 17
\BOOKMARK [2][-]{subsection.2.5}{Pouvez-vous presenter une situation-probl\350me que vous avez eu a r\351soudre dans le cadre de cette mission et la fa\347on de dont vous avez proc\351d\351?}{section.2}% 18
\BOOKMARK [2][-]{subsection.2.6}{Connaissances mobilis\351es dans cette mission }{section.2}% 19
\BOOKMARK [1][-]{section.3}{Fiche de Mission [] - Enterprise }{}% 20
\BOOKMARK [2][-]{subsection.3.1}{Responsabilit\351s}{section.3}% 21
\BOOKMARK [2][-]{subsection.3.2}{Relations humaines}{section.3}% 22
\BOOKMARK [2][-]{subsection.3.3}{Les relations qu'elle vous permet d'entretenir}{section.3}% 23
\BOOKMARK [3][-]{subsubsection.3.3.1}{Relations horizontales}{subsection.3.3}% 24
\BOOKMARK [3][-]{subsubsection.3.3.2}{Relations ext\351rieures}{subsection.3.3}% 25
\BOOKMARK [2][-]{subsection.3.4}{D\351crivez les principales qualit\351s que vous avez a mobiliser dans cette mission}{section.3}% 26
\BOOKMARK [2][-]{subsection.3.5}{Pouvez-vous presenter une situation-probl\350me que vous avez eu a r\351soudre dans le cadre de cette mission et la fa\347on de dont vous avez proc\351d\351?}{section.3}% 27
\BOOKMARK [2][-]{subsection.3.6}{Connaissances mobilis\351es dans cette mission }{section.3}% 28
